<?xml version="1.0" encoding="UTF-8"?>
<testsuite name="PasswordCheckerTest" tests="1" skipped="0" failures="0" errors="0" timestamp="2020-01-14T08:36:00" hostname="recruit-ThinkCentre-M73" time="0.012">
  <properties/>
  <testcase name="passwordValidSpecialCharsTest()" classname="PasswordCheckerTest" time="0.012"/>
  <system-out><![CDATA[]]></system-out>
  <system-err><![CDATA[]]></system-err>
</testsuite>
