<?xml version="1.0" encoding="UTF-8"?>
<testsuite name="PasswordCheckerTest" tests="1" skipped="0" failures="0" errors="0" timestamp="2019-12-06T08:51:20" hostname="recruit-ThinkCentre-M73" time="0.474">
  <properties/>
  <testcase name="passValidLength()" classname="PasswordCheckerTest" time="0.474"/>
  <system-out><![CDATA[2019-12-06 10:51:21,063 | Main: Password is okay!
]]></system-out>
  <system-err><![CDATA[]]></system-err>
</testsuite>
