<?xml version="1.0" encoding="UTF-8"?>
<testsuite name="PasswordCheckerTest" tests="1" skipped="0" failures="0" errors="0" timestamp="2020-01-16T12:20:38" hostname="recruit-ThinkCentre-M73" time="0.011">
  <properties/>
  <testcase name="passwordIsValid()" classname="PasswordCheckerTest" time="0.011"/>
  <system-out><![CDATA[]]></system-out>
  <system-err><![CDATA[]]></system-err>
</testsuite>
