<?xml version="1.0" encoding="UTF-8"?>
<testsuite name="PasswordCheckerTest" tests="1" skipped="0" failures="0" errors="0" timestamp="2020-01-15T14:10:45" hostname="recruit-ThinkCentre-M73" time="0.02">
  <properties/>
  <testcase name="passwordValidNumberTest()" classname="PasswordCheckerTest" time="0.02"/>
  <system-out><![CDATA[Password should be longer than 8 characters
Password should consists of at least 1 digit
]]></system-out>
  <system-err><![CDATA[]]></system-err>
</testsuite>
